<?xml version="1.0" encoding="UTF-8"?>
<!-- Generated by org.testng.reporters.JUnitReportReporter -->
<testsuite name="runner.RunTest" tests="1" time="12.226" ignored="0" failures="0" timestamp="07 may 2021 23:51:05 GMT" skipped="0" hostname="PX10507CAM3W10" errors="0">
  <testcase name="feature" time="12.226" classname="runner.RunTest"/>
</testsuite> <!-- runner.RunTest -->
